<?xml version="1.0" encoding="UTF-8"?>
<testng-results skipped="1" failed="0" ignored="0" total="1" passed="0">
  <reporter-output>
  </reporter-output>
  <suite name="Default suite" duration-ms="21640" started-at="2020-04-01T17:30:59 IST" finished-at="2020-04-01T17:31:21 IST">
    <groups>
    </groups>
    <test name="Default test" duration-ms="21640" started-at="2020-04-01T17:30:59 IST" finished-at="2020-04-01T17:31:21 IST">
      <class name="com.floowdrive.testclasses.LoginTest">
        <test-method status="FAIL" signature="base_Setups()[pri:0, instance:com.floowdrive.testclasses.LoginTest@48503868]" name="base_Setups" is-config="true" duration-ms="21488" started-at="2020-04-01T17:30:59 IST" finished-at="2020-04-01T17:31:21 IST">
          <exception class="org.openqa.selenium.SessionNotCreatedException">
            <message>
              <![CDATA[Unable to create a new remote session. Please check the server log for more details. Original error: An unknown server-side error occurred while processing the command. Original error: Error occured while starting AndroidBootstrap. Original error: Error: Error executing adbExec. Original error: 'Command 'C\:\\Users\\M_Raj\\AppData\\Local\\Android\\Sdk\\platform-tools\\adb.exe -P 5037 -s emulator-5554 forward tcp\:4724 tcp\:4724' exited with code 1'; Stderr: 'adb.exe: error: cannot bind listener: cannot bind to 127.0.0.1:4724: Only one usage of each socket address (protocol/network address/port) is normally permitted. (10048)'; Code: '1'
Build info: version: '3.141.59', revision: 'e82be7d358', time: '2018-11-14T08:17:03'
System info: host: 'LAPTOP-APJF2TRE', ip: '192.168.1.7', os.name: 'Windows 8.1', os.arch: 'amd64', os.version: '6.3', java.version: '1.8.0_31'
Driver info: driver.version: AppiumDriver
remote stacktrace: UnknownError: An unknown server-side error occurred while processing the command. Original error: Error occured while starting AndroidBootstrap. Original error: Error: Error executing adbExec. Original error: 'Command 'C\:\\Users\\M_Raj\\AppData\\Local\\Android\\Sdk\\platform-tools\\adb.exe -P 5037 -s emulator-5554 forward tcp\:4724 tcp\:4724' exited with code 1'; Stderr: 'adb.exe: error: cannot bind listener: cannot bind to 127.0.0.1:4724: Only one usage of each socket address (protocol/network address/port) is normally permitted. (10048)'; Code: '1'
    at getResponseForW3CError (C:\Program Files\Appium\resources\app\node_modules\appium\node_modules\appium-base-driver\lib\protocol\errors.js:826:9)
    at asyncHandler (C:\Program Files\Appium\resources\app\node_modules\appium\node_modules\appium-base-driver\lib\protocol\protocol.js:447:37)
Build info: version: '3.141.59', revision: 'e82be7d358', time: '2018-11-14T08:17:03'
System info: host: 'LAPTOP-APJF2TRE', ip: '192.168.1.7', os.name: 'Windows 8.1', os.arch: 'amd64', os.version: '6.3', java.version: '1.8.0_31'
Driver info: driver.version: AppiumDriver]]>
            </message>
            <full-stacktrace>
              <![CDATA[org.openqa.selenium.SessionNotCreatedException: Unable to create a new remote session. Please check the server log for more details. Original error: An unknown server-side error occurred while processing the command. Original error: Error occured while starting AndroidBootstrap. Original error: Error: Error executing adbExec. Original error: 'Command 'C\:\\Users\\M_Raj\\AppData\\Local\\Android\\Sdk\\platform-tools\\adb.exe -P 5037 -s emulator-5554 forward tcp\:4724 tcp\:4724' exited with code 1'; Stderr: 'adb.exe: error: cannot bind listener: cannot bind to 127.0.0.1:4724: Only one usage of each socket address (protocol/network address/port) is normally permitted. (10048)'; Code: '1'
Build info: version: '3.141.59', revision: 'e82be7d358', time: '2018-11-14T08:17:03'
System info: host: 'LAPTOP-APJF2TRE', ip: '192.168.1.7', os.name: 'Windows 8.1', os.arch: 'amd64', os.version: '6.3', java.version: '1.8.0_31'
Driver info: driver.version: AppiumDriver
remote stacktrace: UnknownError: An unknown server-side error occurred while processing the command. Original error: Error occured while starting AndroidBootstrap. Original error: Error: Error executing adbExec. Original error: 'Command 'C\:\\Users\\M_Raj\\AppData\\Local\\Android\\Sdk\\platform-tools\\adb.exe -P 5037 -s emulator-5554 forward tcp\:4724 tcp\:4724' exited with code 1'; Stderr: 'adb.exe: error: cannot bind listener: cannot bind to 127.0.0.1:4724: Only one usage of each socket address (protocol/network address/port) is normally permitted. (10048)'; Code: '1'
    at getResponseForW3CError (C:\Program Files\Appium\resources\app\node_modules\appium\node_modules\appium-base-driver\lib\protocol\errors.js:826:9)
    at asyncHandler (C:\Program Files\Appium\resources\app\node_modules\appium\node_modules\appium-base-driver\lib\protocol\protocol.js:447:37)
Build info: version: '3.141.59', revision: 'e82be7d358', time: '2018-11-14T08:17:03'
System info: host: 'LAPTOP-APJF2TRE', ip: '192.168.1.7', os.name: 'Windows 8.1', os.arch: 'amd64', os.version: '6.3', java.version: '1.8.0_31'
Driver info: driver.version: AppiumDriver
at io.appium.java_client.remote.AppiumCommandExecutor$1.createSession(AppiumCommandExecutor.java:208)
at io.appium.java_client.remote.AppiumCommandExecutor.createSession(AppiumCommandExecutor.java:217)
at io.appium.java_client.remote.AppiumCommandExecutor.execute(AppiumCommandExecutor.java:239)
at org.openqa.selenium.remote.RemoteWebDriver.execute(RemoteWebDriver.java:552)
at io.appium.java_client.DefaultGenericMobileDriver.execute(DefaultGenericMobileDriver.java:42)
at io.appium.java_client.AppiumDriver.execute(AppiumDriver.java:1)
at org.openqa.selenium.remote.RemoteWebDriver.startSession(RemoteWebDriver.java:213)
at org.openqa.selenium.remote.RemoteWebDriver.<init>(RemoteWebDriver.java:131)
at io.appium.java_client.DefaultGenericMobileDriver.<init>(DefaultGenericMobileDriver.java:38)
at io.appium.java_client.AppiumDriver.<init>(AppiumDriver.java:84)
at io.appium.java_client.AppiumDriver.<init>(AppiumDriver.java:105)
at io.appium.java_client.AppiumDriver.<init>(AppiumDriver.java:115)
at com.floowdrive.baseclasses.BaseTest.base_Setups(BaseTest.java:60)
at sun.reflect.NativeMethodAccessorImpl.invoke0(Native Method)
at sun.reflect.NativeMethodAccessorImpl.invoke(Unknown Source)
at sun.reflect.DelegatingMethodAccessorImpl.invoke(Unknown Source)
at java.lang.reflect.Method.invoke(Unknown Source)
at org.testng.internal.MethodInvocationHelper.invokeMethod(MethodInvocationHelper.java:134)
at org.testng.internal.MethodInvocationHelper.invokeMethodConsideringTimeout(MethodInvocationHelper.java:63)
at org.testng.internal.ConfigInvoker.invokeConfigurationMethod(ConfigInvoker.java:348)
at org.testng.internal.ConfigInvoker.invokeConfigurations(ConfigInvoker.java:302)
at org.testng.TestRunner.invokeTestConfigurations(TestRunner.java:619)
at org.testng.TestRunner.beforeRun(TestRunner.java:609)
at org.testng.TestRunner.run(TestRunner.java:580)
at org.testng.SuiteRunner.runTest(SuiteRunner.java:384)
at org.testng.SuiteRunner.runSequentially(SuiteRunner.java:378)
at org.testng.SuiteRunner.privateRun(SuiteRunner.java:337)
at org.testng.SuiteRunner.run(SuiteRunner.java:286)
at org.testng.SuiteRunnerWorker.runSuite(SuiteRunnerWorker.java:53)
at org.testng.SuiteRunnerWorker.run(SuiteRunnerWorker.java:96)
at org.testng.TestNG.runSuitesSequentially(TestNG.java:1187)
at org.testng.TestNG.runSuitesLocally(TestNG.java:1109)
at org.testng.TestNG.runSuites(TestNG.java:1039)
at org.testng.TestNG.run(TestNG.java:1007)
at org.testng.remote.AbstractRemoteTestNG.run(AbstractRemoteTestNG.java:115)
at org.testng.remote.RemoteTestNG.initAndRun(RemoteTestNG.java:251)
at org.testng.remote.RemoteTestNG.main(RemoteTestNG.java:77)
Caused by: java.lang.reflect.InvocationTargetException
at sun.reflect.NativeMethodAccessorImpl.invoke0(Native Method)
at sun.reflect.NativeMethodAccessorImpl.invoke(Unknown Source)
at sun.reflect.DelegatingMethodAccessorImpl.invoke(Unknown Source)
at java.lang.reflect.Method.invoke(Unknown Source)
at io.appium.java_client.remote.AppiumCommandExecutor$1.createSession(AppiumCommandExecutor.java:186)
... 36 more
Caused by: org.openqa.selenium.WebDriverException: An unknown server-side error occurred while processing the command. Original error: Error occured while starting AndroidBootstrap. Original error: Error: Error executing adbExec. Original error: 'Command 'C\:\\Users\\M_Raj\\AppData\\Local\\Android\\Sdk\\platform-tools\\adb.exe -P 5037 -s emulator-5554 forward tcp\:4724 tcp\:4724' exited with code 1'; Stderr: 'adb.exe: error: cannot bind listener: cannot bind to 127.0.0.1:4724: Only one usage of each socket address (protocol/network address/port) is normally permitted. (10048)'; Code: '1'
Build info: version: '3.141.59', revision: 'e82be7d358', time: '2018-11-14T08:17:03'
System info: host: 'LAPTOP-APJF2TRE', ip: '192.168.1.7', os.name: 'Windows 8.1', os.arch: 'amd64', os.version: '6.3', java.version: '1.8.0_31'
Driver info: driver.version: AppiumDriver
remote stacktrace: UnknownError: An unknown server-side error occurred while processing the command. Original error: Error occured while starting AndroidBootstrap. Original error: Error: Error executing adbExec. Original error: 'Command 'C\:\\Users\\M_Raj\\AppData\\Local\\Android\\Sdk\\platform-tools\\adb.exe -P 5037 -s emulator-5554 forward tcp\:4724 tcp\:4724' exited with code 1'; Stderr: 'adb.exe: error: cannot bind listener: cannot bind to 127.0.0.1:4724: Only one usage of each socket address (protocol/network address/port) is normally permitted. (10048)'; Code: '1'
    at getResponseForW3CError (C:\Program Files\Appium\resources\app\node_modules\appium\node_modules\appium-base-driver\lib\protocol\errors.js:826:9)
    at asyncHandler (C:\Program Files\Appium\resources\app\node_modules\appium\node_modules\appium-base-driver\lib\protocol\protocol.js:447:37)
at sun.reflect.NativeConstructorAccessorImpl.newInstance0(Native Method)
at sun.reflect.NativeConstructorAccessorImpl.newInstance(Unknown Source)
at sun.reflect.DelegatingConstructorAccessorImpl.newInstance(Unknown Source)
at java.lang.reflect.Constructor.newInstance(Unknown Source)
at org.openqa.selenium.remote.W3CHandshakeResponse.lambda$errorHandler$0(W3CHandshakeResponse.java:62)
at org.openqa.selenium.remote.W3CHandshakeResponse$$Lambda$222/477533894.apply(Unknown Source)
at org.openqa.selenium.remote.HandshakeResponse.lambda$getResponseFunction$0(HandshakeResponse.java:30)
at org.openqa.selenium.remote.HandshakeResponse$$Lambda$217/238357312.apply(Unknown Source)
at org.openqa.selenium.remote.ProtocolHandshake.lambda$createSession$0(ProtocolHandshake.java:126)
at org.openqa.selenium.remote.ProtocolHandshake$$Lambda$218/1665197552.apply(Unknown Source)
at java.util.stream.ReferencePipeline$3$1.accept(Unknown Source)
at java.util.Spliterators$ArraySpliterator.tryAdvance(Unknown Source)
at java.util.stream.ReferencePipeline.forEachWithCancel(Unknown Source)
at java.util.stream.AbstractPipeline.copyIntoWithCancel(Unknown Source)
at java.util.stream.AbstractPipeline.copyInto(Unknown Source)
at java.util.stream.AbstractPipeline.wrapAndCopyInto(Unknown Source)
at java.util.stream.FindOps$FindOp.evaluateSequential(Unknown Source)
at java.util.stream.AbstractPipeline.evaluate(Unknown Source)
at java.util.stream.ReferencePipeline.findFirst(Unknown Source)
at org.openqa.selenium.remote.ProtocolHandshake.createSession(ProtocolHandshake.java:128)
... 41 more
]]>
            </full-stacktrace>
          </exception> <!-- org.openqa.selenium.SessionNotCreatedException -->
          <reporter-output>
          </reporter-output>
        </test-method> <!-- base_Setups -->
        <test-method status="SKIP" signature="inti()[pri:0, instance:com.floowdrive.testclasses.LoginTest@48503868]" name="inti" is-config="true" duration-ms="-1585742481530" started-at="2020-04-01T17:31:21 IST" finished-at="1970-01-01T05:30:00 IST">
          <reporter-output>
          </reporter-output>
        </test-method> <!-- inti -->
        <test-method status="SKIP" signature="login_Test()[pri:0, instance:com.floowdrive.testclasses.LoginTest@48503868]" name="login_Test" duration-ms="0" started-at="2020-04-01T17:31:21 IST" finished-at="2020-04-01T17:31:21 IST">
          <exception class="org.openqa.selenium.SessionNotCreatedException">
            <message>
              <![CDATA[Unable to create a new remote session. Please check the server log for more details. Original error: An unknown server-side error occurred while processing the command. Original error: Error occured while starting AndroidBootstrap. Original error: Error: Error executing adbExec. Original error: 'Command 'C\:\\Users\\M_Raj\\AppData\\Local\\Android\\Sdk\\platform-tools\\adb.exe -P 5037 -s emulator-5554 forward tcp\:4724 tcp\:4724' exited with code 1'; Stderr: 'adb.exe: error: cannot bind listener: cannot bind to 127.0.0.1:4724: Only one usage of each socket address (protocol/network address/port) is normally permitted. (10048)'; Code: '1'
Build info: version: '3.141.59', revision: 'e82be7d358', time: '2018-11-14T08:17:03'
System info: host: 'LAPTOP-APJF2TRE', ip: '192.168.1.7', os.name: 'Windows 8.1', os.arch: 'amd64', os.version: '6.3', java.version: '1.8.0_31'
Driver info: driver.version: AppiumDriver
remote stacktrace: UnknownError: An unknown server-side error occurred while processing the command. Original error: Error occured while starting AndroidBootstrap. Original error: Error: Error executing adbExec. Original error: 'Command 'C\:\\Users\\M_Raj\\AppData\\Local\\Android\\Sdk\\platform-tools\\adb.exe -P 5037 -s emulator-5554 forward tcp\:4724 tcp\:4724' exited with code 1'; Stderr: 'adb.exe: error: cannot bind listener: cannot bind to 127.0.0.1:4724: Only one usage of each socket address (protocol/network address/port) is normally permitted. (10048)'; Code: '1'
    at getResponseForW3CError (C:\Program Files\Appium\resources\app\node_modules\appium\node_modules\appium-base-driver\lib\protocol\errors.js:826:9)
    at asyncHandler (C:\Program Files\Appium\resources\app\node_modules\appium\node_modules\appium-base-driver\lib\protocol\protocol.js:447:37)
Build info: version: '3.141.59', revision: 'e82be7d358', time: '2018-11-14T08:17:03'
System info: host: 'LAPTOP-APJF2TRE', ip: '192.168.1.7', os.name: 'Windows 8.1', os.arch: 'amd64', os.version: '6.3', java.version: '1.8.0_31'
Driver info: driver.version: AppiumDriver]]>
            </message>
            <full-stacktrace>
              <![CDATA[org.openqa.selenium.SessionNotCreatedException: Unable to create a new remote session. Please check the server log for more details. Original error: An unknown server-side error occurred while processing the command. Original error: Error occured while starting AndroidBootstrap. Original error: Error: Error executing adbExec. Original error: 'Command 'C\:\\Users\\M_Raj\\AppData\\Local\\Android\\Sdk\\platform-tools\\adb.exe -P 5037 -s emulator-5554 forward tcp\:4724 tcp\:4724' exited with code 1'; Stderr: 'adb.exe: error: cannot bind listener: cannot bind to 127.0.0.1:4724: Only one usage of each socket address (protocol/network address/port) is normally permitted. (10048)'; Code: '1'
Build info: version: '3.141.59', revision: 'e82be7d358', time: '2018-11-14T08:17:03'
System info: host: 'LAPTOP-APJF2TRE', ip: '192.168.1.7', os.name: 'Windows 8.1', os.arch: 'amd64', os.version: '6.3', java.version: '1.8.0_31'
Driver info: driver.version: AppiumDriver
remote stacktrace: UnknownError: An unknown server-side error occurred while processing the command. Original error: Error occured while starting AndroidBootstrap. Original error: Error: Error executing adbExec. Original error: 'Command 'C\:\\Users\\M_Raj\\AppData\\Local\\Android\\Sdk\\platform-tools\\adb.exe -P 5037 -s emulator-5554 forward tcp\:4724 tcp\:4724' exited with code 1'; Stderr: 'adb.exe: error: cannot bind listener: cannot bind to 127.0.0.1:4724: Only one usage of each socket address (protocol/network address/port) is normally permitted. (10048)'; Code: '1'
    at getResponseForW3CError (C:\Program Files\Appium\resources\app\node_modules\appium\node_modules\appium-base-driver\lib\protocol\errors.js:826:9)
    at asyncHandler (C:\Program Files\Appium\resources\app\node_modules\appium\node_modules\appium-base-driver\lib\protocol\protocol.js:447:37)
Build info: version: '3.141.59', revision: 'e82be7d358', time: '2018-11-14T08:17:03'
System info: host: 'LAPTOP-APJF2TRE', ip: '192.168.1.7', os.name: 'Windows 8.1', os.arch: 'amd64', os.version: '6.3', java.version: '1.8.0_31'
Driver info: driver.version: AppiumDriver
at io.appium.java_client.remote.AppiumCommandExecutor$1.createSession(AppiumCommandExecutor.java:208)
at io.appium.java_client.remote.AppiumCommandExecutor.createSession(AppiumCommandExecutor.java:217)
at io.appium.java_client.remote.AppiumCommandExecutor.execute(AppiumCommandExecutor.java:239)
at org.openqa.selenium.remote.RemoteWebDriver.execute(RemoteWebDriver.java:552)
at io.appium.java_client.DefaultGenericMobileDriver.execute(DefaultGenericMobileDriver.java:42)
at io.appium.java_client.AppiumDriver.execute(AppiumDriver.java:1)
at org.openqa.selenium.remote.RemoteWebDriver.startSession(RemoteWebDriver.java:213)
at org.openqa.selenium.remote.RemoteWebDriver.<init>(RemoteWebDriver.java:131)
at io.appium.java_client.DefaultGenericMobileDriver.<init>(DefaultGenericMobileDriver.java:38)
at io.appium.java_client.AppiumDriver.<init>(AppiumDriver.java:84)
at io.appium.java_client.AppiumDriver.<init>(AppiumDriver.java:105)
at io.appium.java_client.AppiumDriver.<init>(AppiumDriver.java:115)
at com.floowdrive.baseclasses.BaseTest.base_Setups(BaseTest.java:60)
at sun.reflect.NativeMethodAccessorImpl.invoke0(Native Method)
at sun.reflect.NativeMethodAccessorImpl.invoke(Unknown Source)
at sun.reflect.DelegatingMethodAccessorImpl.invoke(Unknown Source)
at java.lang.reflect.Method.invoke(Unknown Source)
at org.testng.internal.MethodInvocationHelper.invokeMethod(MethodInvocationHelper.java:134)
at org.testng.internal.MethodInvocationHelper.invokeMethodConsideringTimeout(MethodInvocationHelper.java:63)
at org.testng.internal.ConfigInvoker.invokeConfigurationMethod(ConfigInvoker.java:348)
at org.testng.internal.ConfigInvoker.invokeConfigurations(ConfigInvoker.java:302)
at org.testng.TestRunner.invokeTestConfigurations(TestRunner.java:619)
at org.testng.TestRunner.beforeRun(TestRunner.java:609)
at org.testng.TestRunner.run(TestRunner.java:580)
at org.testng.SuiteRunner.runTest(SuiteRunner.java:384)
at org.testng.SuiteRunner.runSequentially(SuiteRunner.java:378)
at org.testng.SuiteRunner.privateRun(SuiteRunner.java:337)
at org.testng.SuiteRunner.run(SuiteRunner.java:286)
at org.testng.SuiteRunnerWorker.runSuite(SuiteRunnerWorker.java:53)
at org.testng.SuiteRunnerWorker.run(SuiteRunnerWorker.java:96)
at org.testng.TestNG.runSuitesSequentially(TestNG.java:1187)
at org.testng.TestNG.runSuitesLocally(TestNG.java:1109)
at org.testng.TestNG.runSuites(TestNG.java:1039)
at org.testng.TestNG.run(TestNG.java:1007)
at org.testng.remote.AbstractRemoteTestNG.run(AbstractRemoteTestNG.java:115)
at org.testng.remote.RemoteTestNG.initAndRun(RemoteTestNG.java:251)
at org.testng.remote.RemoteTestNG.main(RemoteTestNG.java:77)
Caused by: java.lang.reflect.InvocationTargetException
at sun.reflect.NativeMethodAccessorImpl.invoke0(Native Method)
at sun.reflect.NativeMethodAccessorImpl.invoke(Unknown Source)
at sun.reflect.DelegatingMethodAccessorImpl.invoke(Unknown Source)
at java.lang.reflect.Method.invoke(Unknown Source)
at io.appium.java_client.remote.AppiumCommandExecutor$1.createSession(AppiumCommandExecutor.java:186)
... 36 more
Caused by: org.openqa.selenium.WebDriverException: An unknown server-side error occurred while processing the command. Original error: Error occured while starting AndroidBootstrap. Original error: Error: Error executing adbExec. Original error: 'Command 'C\:\\Users\\M_Raj\\AppData\\Local\\Android\\Sdk\\platform-tools\\adb.exe -P 5037 -s emulator-5554 forward tcp\:4724 tcp\:4724' exited with code 1'; Stderr: 'adb.exe: error: cannot bind listener: cannot bind to 127.0.0.1:4724: Only one usage of each socket address (protocol/network address/port) is normally permitted. (10048)'; Code: '1'
Build info: version: '3.141.59', revision: 'e82be7d358', time: '2018-11-14T08:17:03'
System info: host: 'LAPTOP-APJF2TRE', ip: '192.168.1.7', os.name: 'Windows 8.1', os.arch: 'amd64', os.version: '6.3', java.version: '1.8.0_31'
Driver info: driver.version: AppiumDriver
remote stacktrace: UnknownError: An unknown server-side error occurred while processing the command. Original error: Error occured while starting AndroidBootstrap. Original error: Error: Error executing adbExec. Original error: 'Command 'C\:\\Users\\M_Raj\\AppData\\Local\\Android\\Sdk\\platform-tools\\adb.exe -P 5037 -s emulator-5554 forward tcp\:4724 tcp\:4724' exited with code 1'; Stderr: 'adb.exe: error: cannot bind listener: cannot bind to 127.0.0.1:4724: Only one usage of each socket address (protocol/network address/port) is normally permitted. (10048)'; Code: '1'
    at getResponseForW3CError (C:\Program Files\Appium\resources\app\node_modules\appium\node_modules\appium-base-driver\lib\protocol\errors.js:826:9)
    at asyncHandler (C:\Program Files\Appium\resources\app\node_modules\appium\node_modules\appium-base-driver\lib\protocol\protocol.js:447:37)
at sun.reflect.NativeConstructorAccessorImpl.newInstance0(Native Method)
at sun.reflect.NativeConstructorAccessorImpl.newInstance(Unknown Source)
at sun.reflect.DelegatingConstructorAccessorImpl.newInstance(Unknown Source)
at java.lang.reflect.Constructor.newInstance(Unknown Source)
at org.openqa.selenium.remote.W3CHandshakeResponse.lambda$errorHandler$0(W3CHandshakeResponse.java:62)
at org.openqa.selenium.remote.W3CHandshakeResponse$$Lambda$222/477533894.apply(Unknown Source)
at org.openqa.selenium.remote.HandshakeResponse.lambda$getResponseFunction$0(HandshakeResponse.java:30)
at org.openqa.selenium.remote.HandshakeResponse$$Lambda$217/238357312.apply(Unknown Source)
at org.openqa.selenium.remote.ProtocolHandshake.lambda$createSession$0(ProtocolHandshake.java:126)
at org.openqa.selenium.remote.ProtocolHandshake$$Lambda$218/1665197552.apply(Unknown Source)
at java.util.stream.ReferencePipeline$3$1.accept(Unknown Source)
at java.util.Spliterators$ArraySpliterator.tryAdvance(Unknown Source)
at java.util.stream.ReferencePipeline.forEachWithCancel(Unknown Source)
at java.util.stream.AbstractPipeline.copyIntoWithCancel(Unknown Source)
at java.util.stream.AbstractPipeline.copyInto(Unknown Source)
at java.util.stream.AbstractPipeline.wrapAndCopyInto(Unknown Source)
at java.util.stream.FindOps$FindOp.evaluateSequential(Unknown Source)
at java.util.stream.AbstractPipeline.evaluate(Unknown Source)
at java.util.stream.ReferencePipeline.findFirst(Unknown Source)
at org.openqa.selenium.remote.ProtocolHandshake.createSession(ProtocolHandshake.java:128)
... 41 more
]]>
            </full-stacktrace>
          </exception> <!-- org.openqa.selenium.SessionNotCreatedException -->
          <reporter-output>
          </reporter-output>
        </test-method> <!-- login_Test -->
      </class> <!-- com.floowdrive.testclasses.LoginTest -->
    </test> <!-- Default test -->
  </suite> <!-- Default suite -->
</testng-results>
